<?xml version="1.0" encoding="UTF-8"?>
<!-- Generated by org.testng.reporters.JUnitReportReporter -->
<testsuite skipped="0" hostname="DESKTOP-KUVK3PK" name="runners.RerunRunner" tests="2" failures="0" timestamp="2023-03-08T19:20:23 IST" time="63.338" errors="0">
  <testcase name="runScenario" time="31.884" classname="runners.RerunRunner"/>
  <system-out/>
  <testcase name="runScenario" time="31.454" classname="runners.RerunRunner"/>
  <system-out/>
</testsuite> <!-- runners.RerunRunner -->
